\BOOKMARK [0][-]{section*.1}{摘要}{}% 1
\BOOKMARK [0][-]{section*.3}{ABSTRACT}{}% 2
\BOOKMARK [0][-]{section*.5}{插图索引}{}% 3
\BOOKMARK [0][-]{section*.7}{表格索引}{}% 4
\BOOKMARK [0][-]{section*.9}{符号对照表}{}% 5
\BOOKMARK [0][-]{section*.11}{缩略语对照表}{}% 6
\BOOKMARK [0][-]{chapter.1}{第一章 \040绪论}{}% 7
\BOOKMARK [1][-]{section.1.1}{1.1研究背景与意义}{chapter.1}% 8
\BOOKMARK [1][-]{section.1.2}{1.2国内外研究现状}{chapter.1}% 9
\BOOKMARK [2][-]{subsection.1.2.1}{1.2.1动态定价}{section.1.2}% 10
\BOOKMARK [2][-]{subsection.1.2.2}{1.2.2强化学习}{section.1.2}% 11
\BOOKMARK [1][-]{section.1.3}{1.3研究内容与创新点}{chapter.1}% 12
\BOOKMARK [1][-]{section.1.4}{1.4论文章节安排}{chapter.1}% 13
\BOOKMARK [0][-]{chapter.2}{第二章 \040问题形式化描述与相关理论技术}{}% 14
\BOOKMARK [1][-]{section.2.1}{2.1问题形式化描述}{chapter.2}% 15
\BOOKMARK [2][-]{subsection.2.1.1}{2.1.1问题描述}{section.2.1}% 16
\BOOKMARK [2][-]{subsection.2.1.2}{2.1.2已有基准算法}{section.2.1}% 17
\BOOKMARK [1][-]{section.2.2}{2.2相关理论技术}{chapter.2}% 18
\BOOKMARK [2][-]{subsection.2.2.1}{2.2.1马尔科夫决策过程}{section.2.2}% 19
\BOOKMARK [2][-]{subsection.2.2.2}{2.2.2深度多代理强化学习}{section.2.2}% 20
\BOOKMARK [1][-]{section.2.3}{2.3本章小结}{chapter.2}% 21
\BOOKMARK [0][-]{chapter.3}{第三章 \040研究生学位论文的编辑、打印、装订要求}{}% 22
\BOOKMARK [1][-]{section.3.1}{3.1学位论文封面的编辑和打印要求}{chapter.3}% 23
\BOOKMARK [1][-]{section.3.2}{3.2学位论文的版面设置要求}{chapter.3}% 24
\BOOKMARK [1][-]{section.3.3}{3.3学位论文的打印、装订要求}{chapter.3}% 25
\BOOKMARK [1][-]{section.3.4}{3.4其他说明}{chapter.3}% 26
\BOOKMARK [0][-]{chapter.4}{第四章 \040图、表、公式示例}{}% 27
\BOOKMARK [0][-]{section*.14}{参考文献}{}% 28
\BOOKMARK [0][-]{section*.16}{致谢}{}% 29
\BOOKMARK [0][-]{section*.18}{作者简介}{}% 30
